Analysis & Synthesis report for alu
Thu Oct 05 14:18:37 2023
Quartus II 64-Bit Version 13.0.1 Build 232 06/12/2013 Service Pack 1 SJ Web Edition


---------------------
; Table of Contents ;
---------------------
  1. Legal Notice
  2. Analysis & Synthesis Summary
  3. Analysis & Synthesis Settings
  4. Parallel Compilation
  5. Analysis & Synthesis Source Files Read
  6. Analysis & Synthesis Resource Usage Summary
  7. Analysis & Synthesis Resource Utilization by Entity
  8. General Register Statistics
  9. Multiplexer Restructuring Statistics (Restructuring Performed)
 10. Parameter Settings for User Entity Instance: soma:inst_soma
 11. Parameter Settings for User Entity Instance: subtracao:inst_sub
 12. Parameter Settings for User Entity Instance: and_gate:inst_and
 13. Parameter Settings for User Entity Instance: or_gate:inst_or
 14. Parameter Settings for User Entity Instance: not_gate:inst_not
 15. Parameter Settings for User Entity Instance: shift_esquerda:inst_esq
 16. Parameter Settings for User Entity Instance: shift_direita:inst_dir
 17. Parameter Settings for User Entity Instance: incremento:inst_inc
 18. Parameter Settings for User Entity Instance: decremento:inst_dec
 19. Parameter Settings for User Entity Instance: display:inst_display
 20. Elapsed Time Per Partition
 21. Analysis & Synthesis Messages



----------------
; Legal Notice ;
----------------
Copyright (C) 1991-2013 Altera Corporation
Your use of Altera Corporation's design tools, logic functions 
and other software and tools, and its AMPP partner logic 
functions, and any output files from any of the foregoing 
(including device programming or simulation files), and any 
associated documentation or information are expressly subject 
to the terms and conditions of the Altera Program License 
Subscription Agreement, Altera MegaCore Function License 
Agreement, or other applicable license agreement, including, 
without limitation, that your use is for the sole purpose of 
programming logic devices manufactured by Altera and sold by 
Altera or its authorized distributors.  Please refer to the 
applicable agreement for further details.



+--------------------------------------------------------------------------------------+
; Analysis & Synthesis Summary                                                         ;
+------------------------------------+-------------------------------------------------+
; Analysis & Synthesis Status        ; Successful - Thu Oct 05 14:18:37 2023           ;
; Quartus II 64-Bit Version          ; 13.0.1 Build 232 06/12/2013 SP 1 SJ Web Edition ;
; Revision Name                      ; alu                                             ;
; Top-level Entity Name              ; alu                                             ;
; Family                             ; Cyclone II                                      ;
; Total logic elements               ; 46                                              ;
;     Total combinational functions  ; 46                                              ;
;     Dedicated logic registers      ; 0                                               ;
; Total registers                    ; 0                                               ;
; Total pins                         ; 19                                              ;
; Total virtual pins                 ; 0                                               ;
; Total memory bits                  ; 0                                               ;
; Embedded Multiplier 9-bit elements ; 0                                               ;
; Total PLLs                         ; 0                                               ;
+------------------------------------+-------------------------------------------------+


+----------------------------------------------------------------------------------------------------------------------+
; Analysis & Synthesis Settings                                                                                        ;
+----------------------------------------------------------------------------+--------------------+--------------------+
; Option                                                                     ; Setting            ; Default Value      ;
+----------------------------------------------------------------------------+--------------------+--------------------+
; Device                                                                     ; EP2C5F256C6        ;                    ;
; Top-level entity name                                                      ; alu                ; alu                ;
; Family name                                                                ; Cyclone II         ; Cyclone IV GX      ;
; Use smart compilation                                                      ; Off                ; Off                ;
; Enable parallel Assembler and TimeQuest Timing Analyzer during compilation ; On                 ; On                 ;
; Enable compact report table                                                ; Off                ; Off                ;
; Restructure Multiplexers                                                   ; Auto               ; Auto               ;
; Create Debugging Nodes for IP Cores                                        ; Off                ; Off                ;
; Preserve fewer node names                                                  ; On                 ; On                 ;
; Disable OpenCore Plus hardware evaluation                                  ; Off                ; Off                ;
; Verilog Version                                                            ; Verilog_2001       ; Verilog_2001       ;
; VHDL Version                                                               ; VHDL_1993          ; VHDL_1993          ;
; State Machine Processing                                                   ; Auto               ; Auto               ;
; Safe State Machine                                                         ; Off                ; Off                ;
; Extract Verilog State Machines                                             ; On                 ; On                 ;
; Extract VHDL State Machines                                                ; On                 ; On                 ;
; Ignore Verilog initial constructs                                          ; Off                ; Off                ;
; Iteration limit for constant Verilog loops                                 ; 5000               ; 5000               ;
; Iteration limit for non-constant Verilog loops                             ; 250                ; 250                ;
; Add Pass-Through Logic to Inferred RAMs                                    ; On                 ; On                 ;
; Infer RAMs from Raw Logic                                                  ; On                 ; On                 ;
; Parallel Synthesis                                                         ; On                 ; On                 ;
; DSP Block Balancing                                                        ; Auto               ; Auto               ;
; NOT Gate Push-Back                                                         ; On                 ; On                 ;
; Power-Up Don't Care                                                        ; On                 ; On                 ;
; Remove Redundant Logic Cells                                               ; Off                ; Off                ;
; Remove Duplicate Registers                                                 ; On                 ; On                 ;
; Ignore CARRY Buffers                                                       ; Off                ; Off                ;
; Ignore CASCADE Buffers                                                     ; Off                ; Off                ;
; Ignore GLOBAL Buffers                                                      ; Off                ; Off                ;
; Ignore ROW GLOBAL Buffers                                                  ; Off                ; Off                ;
; Ignore LCELL Buffers                                                       ; Off                ; Off                ;
; Ignore SOFT Buffers                                                        ; On                 ; On                 ;
; Limit AHDL Integers to 32 Bits                                             ; Off                ; Off                ;
; Optimization Technique                                                     ; Balanced           ; Balanced           ;
; Carry Chain Length                                                         ; 70                 ; 70                 ;
; Auto Carry Chains                                                          ; On                 ; On                 ;
; Auto Open-Drain Pins                                                       ; On                 ; On                 ;
; Perform WYSIWYG Primitive Resynthesis                                      ; Off                ; Off                ;
; Auto ROM Replacement                                                       ; On                 ; On                 ;
; Auto RAM Replacement                                                       ; On                 ; On                 ;
; Auto Shift Register Replacement                                            ; Auto               ; Auto               ;
; Allow Shift Register Merging across Hierarchies                            ; Auto               ; Auto               ;
; Auto Clock Enable Replacement                                              ; On                 ; On                 ;
; Strict RAM Replacement                                                     ; Off                ; Off                ;
; Allow Synchronous Control Signals                                          ; On                 ; On                 ;
; Force Use of Synchronous Clear Signals                                     ; Off                ; Off                ;
; Auto RAM to Logic Cell Conversion                                          ; Off                ; Off                ;
; Auto Resource Sharing                                                      ; Off                ; Off                ;
; Allow Any RAM Size For Recognition                                         ; Off                ; Off                ;
; Allow Any ROM Size For Recognition                                         ; Off                ; Off                ;
; Allow Any Shift Register Size For Recognition                              ; Off                ; Off                ;
; Use LogicLock Constraints during Resource Balancing                        ; On                 ; On                 ;
; Ignore translate_off and synthesis_off directives                          ; Off                ; Off                ;
; Timing-Driven Synthesis                                                    ; Off                ; Off                ;
; Report Parameter Settings                                                  ; On                 ; On                 ;
; Report Source Assignments                                                  ; On                 ; On                 ;
; Report Connectivity Checks                                                 ; On                 ; On                 ;
; Ignore Maximum Fan-Out Assignments                                         ; Off                ; Off                ;
; Synchronization Register Chain Length                                      ; 2                  ; 2                  ;
; PowerPlay Power Optimization                                               ; Normal compilation ; Normal compilation ;
; HDL message level                                                          ; Level2             ; Level2             ;
; Suppress Register Optimization Related Messages                            ; Off                ; Off                ;
; Number of Removed Registers Reported in Synthesis Report                   ; 5000               ; 5000               ;
; Number of Swept Nodes Reported in Synthesis Report                         ; 5000               ; 5000               ;
; Number of Inverted Registers Reported in Synthesis Report                  ; 100                ; 100                ;
; Clock MUX Protection                                                       ; On                 ; On                 ;
; Auto Gated Clock Conversion                                                ; Off                ; Off                ;
; Block Design Naming                                                        ; Auto               ; Auto               ;
; SDC constraint protection                                                  ; Off                ; Off                ;
; Synthesis Effort                                                           ; Auto               ; Auto               ;
; Shift Register Replacement - Allow Asynchronous Clear Signal               ; On                 ; On                 ;
; Pre-Mapping Resynthesis Optimization                                       ; Off                ; Off                ;
; Analysis & Synthesis Message Level                                         ; Medium             ; Medium             ;
; Disable Register Merging Across Hierarchies                                ; Auto               ; Auto               ;
; Resource Aware Inference For Block RAM                                     ; On                 ; On                 ;
; Synthesis Seed                                                             ; 1                  ; 1                  ;
+----------------------------------------------------------------------------+--------------------+--------------------+


Parallel compilation was disabled, but you have multiple processors available. Enable parallel compilation to reduce compilation time.
+-------------------------------------+
; Parallel Compilation                ;
+----------------------------+--------+
; Processors                 ; Number ;
+----------------------------+--------+
; Number detected on machine ; 20     ;
; Maximum allowed            ; 1      ;
+----------------------------+--------+


+----------------------------------------------------------------------------------------------------------------------------------------------------------------------------------+
; Analysis & Synthesis Source Files Read                                                                                                                                           ;
+----------------------------------+-----------------+-----------------+-------------------------------------------------------------------------------------------------+---------+
; File Name with User-Entered Path ; Used in Netlist ; File Type       ; File Name with Absolute Path                                                                    ; Library ;
+----------------------------------+-----------------+-----------------+-------------------------------------------------------------------------------------------------+---------+
; alu.vhd                          ; yes             ; User VHDL File  ; C:/Users/Demop/OneDrive/Documentos/Sexto_Semestre/PHI/quartus2/VHDL_ALU-main/alu.vhd            ;         ;
; soma.vhd                         ; yes             ; User VHDL File  ; C:/Users/Demop/OneDrive/Documentos/Sexto_Semestre/PHI/quartus2/VHDL_ALU-main/soma.vhd           ;         ;
; subtracao.vhd                    ; yes             ; User VHDL File  ; C:/Users/Demop/OneDrive/Documentos/Sexto_Semestre/PHI/quartus2/VHDL_ALU-main/subtracao.vhd      ;         ;
; and_gate.vhd                     ; yes             ; User VHDL File  ; C:/Users/Demop/OneDrive/Documentos/Sexto_Semestre/PHI/quartus2/VHDL_ALU-main/and_gate.vhd       ;         ;
; or_gate.vhd                      ; yes             ; User VHDL File  ; C:/Users/Demop/OneDrive/Documentos/Sexto_Semestre/PHI/quartus2/VHDL_ALU-main/or_gate.vhd        ;         ;
; not_gate.vhd                     ; yes             ; User VHDL File  ; C:/Users/Demop/OneDrive/Documentos/Sexto_Semestre/PHI/quartus2/VHDL_ALU-main/not_gate.vhd       ;         ;
; shift_esquerda.vhd               ; yes             ; User VHDL File  ; C:/Users/Demop/OneDrive/Documentos/Sexto_Semestre/PHI/quartus2/VHDL_ALU-main/shift_esquerda.vhd ;         ;
; shift_direita.vhd                ; yes             ; User VHDL File  ; C:/Users/Demop/OneDrive/Documentos/Sexto_Semestre/PHI/quartus2/VHDL_ALU-main/shift_direita.vhd  ;         ;
; mux.vhd                          ; yes             ; User VHDL File  ; C:/Users/Demop/OneDrive/Documentos/Sexto_Semestre/PHI/quartus2/VHDL_ALU-main/mux.vhd            ;         ;
; incremento.vhd                   ; yes             ; User VHDL File  ; C:/Users/Demop/OneDrive/Documentos/Sexto_Semestre/PHI/quartus2/VHDL_ALU-main/incremento.vhd     ;         ;
; decremento.vhd                   ; yes             ; User VHDL File  ; C:/Users/Demop/OneDrive/Documentos/Sexto_Semestre/PHI/quartus2/VHDL_ALU-main/decremento.vhd     ;         ;
; display.vhd                      ; yes             ; User VHDL File  ; C:/Users/Demop/OneDrive/Documentos/Sexto_Semestre/PHI/quartus2/VHDL_ALU-main/display.vhd        ;         ;
+----------------------------------+-----------------+-----------------+-------------------------------------------------------------------------------------------------+---------+


+------------------------------------------------------+
; Analysis & Synthesis Resource Usage Summary          ;
+---------------------------------------------+--------+
; Resource                                    ; Usage  ;
+---------------------------------------------+--------+
; Estimated Total logic elements              ; 46     ;
;                                             ;        ;
; Total combinational functions               ; 46     ;
; Logic element usage by number of LUT inputs ;        ;
;     -- 4 input functions                    ; 29     ;
;     -- 3 input functions                    ; 10     ;
;     -- <=2 input functions                  ; 7      ;
;                                             ;        ;
; Logic elements by mode                      ;        ;
;     -- normal mode                          ; 40     ;
;     -- arithmetic mode                      ; 6      ;
;                                             ;        ;
; Total registers                             ; 0      ;
;     -- Dedicated logic registers            ; 0      ;
;     -- I/O registers                        ; 0      ;
;                                             ;        ;
; I/O pins                                    ; 19     ;
; Embedded Multiplier 9-bit elements          ; 0      ;
; Maximum fan-out node                        ; sel[0] ;
; Maximum fan-out                             ; 13     ;
; Total fan-out                               ; 167    ;
; Average fan-out                             ; 2.57   ;
+---------------------------------------------+--------+


+-----------------------------------------------------------------------------------------------------------------------------------------------------------------------------------+
; Analysis & Synthesis Resource Utilization by Entity                                                                                                                               ;
+----------------------------+-------------------+--------------+-------------+--------------+---------+-----------+------+--------------+---------------------------+--------------+
; Compilation Hierarchy Node ; LC Combinationals ; LC Registers ; Memory Bits ; DSP Elements ; DSP 9x9 ; DSP 18x18 ; Pins ; Virtual Pins ; Full Hierarchy Name       ; Library Name ;
+----------------------------+-------------------+--------------+-------------+--------------+---------+-----------+------+--------------+---------------------------+--------------+
; |alu                       ; 46 (0)            ; 0 (0)        ; 0           ; 0            ; 0       ; 0         ; 19   ; 0            ; |alu                      ; work         ;
;    |and_gate:inst_and|     ; 2 (2)             ; 0 (0)        ; 0           ; 0            ; 0       ; 0         ; 0    ; 0            ; |alu|and_gate:inst_and    ; work         ;
;    |display:inst_display|  ; 7 (7)             ; 0 (0)        ; 0           ; 0            ; 0       ; 0         ; 0    ; 0            ; |alu|display:inst_display ; work         ;
;    |mux:inst_mux|          ; 29 (29)           ; 0 (0)        ; 0           ; 0            ; 0       ; 0         ; 0    ; 0            ; |alu|mux:inst_mux         ; work         ;
;    |soma:inst_soma|        ; 4 (4)             ; 0 (0)        ; 0           ; 0            ; 0       ; 0         ; 0    ; 0            ; |alu|soma:inst_soma       ; work         ;
;    |subtracao:inst_sub|    ; 4 (4)             ; 0 (0)        ; 0           ; 0            ; 0       ; 0         ; 0    ; 0            ; |alu|subtracao:inst_sub   ; work         ;
+----------------------------+-------------------+--------------+-------------+--------------+---------+-----------+------+--------------+---------------------------+--------------+
Note: For table entries with two numbers listed, the numbers in parentheses indicate the number of resources of the given type used by the specific entity alone. The numbers listed outside of parentheses indicate the total resources of the given type used by the specific entity and all of its sub-entities in the hierarchy.


+------------------------------------------------------+
; General Register Statistics                          ;
+----------------------------------------------+-------+
; Statistic                                    ; Value ;
+----------------------------------------------+-------+
; Total registers                              ; 0     ;
; Number of registers using Synchronous Clear  ; 0     ;
; Number of registers using Synchronous Load   ; 0     ;
; Number of registers using Asynchronous Clear ; 0     ;
; Number of registers using Asynchronous Load  ; 0     ;
; Number of registers using Clock Enable       ; 0     ;
; Number of registers using Preset             ; 0     ;
+----------------------------------------------+-------+


+------------------------------------------------------------------------------------------------------------------------------------------+
; Multiplexer Restructuring Statistics (Restructuring Performed)                                                                           ;
+--------------------+-----------+---------------+----------------------+------------------------+------------+----------------------------+
; Multiplexer Inputs ; Bus Width ; Baseline Area ; Area if Restructured ; Saving if Restructured ; Registered ; Example Multiplexer Output ;
+--------------------+-----------+---------------+----------------------+------------------------+------------+----------------------------+
; 13:1               ; 2 bits    ; 16 LEs        ; 12 LEs               ; 4 LEs                  ; No         ; |alu|mux:inst_mux|Mux2     ;
+--------------------+-----------+---------------+----------------------+------------------------+------------+----------------------------+


+-------------------------------------------------------------+
; Parameter Settings for User Entity Instance: soma:inst_soma ;
+----------------+-------+------------------------------------+
; Parameter Name ; Value ; Type                               ;
+----------------+-------+------------------------------------+
; nbits          ; 4     ; Signed Integer                     ;
+----------------+-------+------------------------------------+
Note: In order to hide this table in the UI and the text report file, please set the "Show Parameter Settings in Synthesis Report" option in "Analysis and Synthesis Settings -> More Settings" to "Off".


+-----------------------------------------------------------------+
; Parameter Settings for User Entity Instance: subtracao:inst_sub ;
+----------------+-------+----------------------------------------+
; Parameter Name ; Value ; Type                                   ;
+----------------+-------+----------------------------------------+
; nbits          ; 4     ; Signed Integer                         ;
+----------------+-------+----------------------------------------+
Note: In order to hide this table in the UI and the text report file, please set the "Show Parameter Settings in Synthesis Report" option in "Analysis and Synthesis Settings -> More Settings" to "Off".


+----------------------------------------------------------------+
; Parameter Settings for User Entity Instance: and_gate:inst_and ;
+----------------+-------+---------------------------------------+
; Parameter Name ; Value ; Type                                  ;
+----------------+-------+---------------------------------------+
; nbits          ; 4     ; Signed Integer                        ;
+----------------+-------+---------------------------------------+
Note: In order to hide this table in the UI and the text report file, please set the "Show Parameter Settings in Synthesis Report" option in "Analysis and Synthesis Settings -> More Settings" to "Off".


+--------------------------------------------------------------+
; Parameter Settings for User Entity Instance: or_gate:inst_or ;
+----------------+-------+-------------------------------------+
; Parameter Name ; Value ; Type                                ;
+----------------+-------+-------------------------------------+
; nbits          ; 4     ; Signed Integer                      ;
+----------------+-------+-------------------------------------+
Note: In order to hide this table in the UI and the text report file, please set the "Show Parameter Settings in Synthesis Report" option in "Analysis and Synthesis Settings -> More Settings" to "Off".


+----------------------------------------------------------------+
; Parameter Settings for User Entity Instance: not_gate:inst_not ;
+----------------+-------+---------------------------------------+
; Parameter Name ; Value ; Type                                  ;
+----------------+-------+---------------------------------------+
; nbits          ; 4     ; Signed Integer                        ;
+----------------+-------+---------------------------------------+
Note: In order to hide this table in the UI and the text report file, please set the "Show Parameter Settings in Synthesis Report" option in "Analysis and Synthesis Settings -> More Settings" to "Off".


+----------------------------------------------------------------------+
; Parameter Settings for User Entity Instance: shift_esquerda:inst_esq ;
+----------------+-------+---------------------------------------------+
; Parameter Name ; Value ; Type                                        ;
+----------------+-------+---------------------------------------------+
; nbits          ; 4     ; Signed Integer                              ;
; shift          ; 1     ; Signed Integer                              ;
+----------------+-------+---------------------------------------------+
Note: In order to hide this table in the UI and the text report file, please set the "Show Parameter Settings in Synthesis Report" option in "Analysis and Synthesis Settings -> More Settings" to "Off".


+---------------------------------------------------------------------+
; Parameter Settings for User Entity Instance: shift_direita:inst_dir ;
+----------------+-------+--------------------------------------------+
; Parameter Name ; Value ; Type                                       ;
+----------------+-------+--------------------------------------------+
; nbits          ; 4     ; Signed Integer                             ;
; shift          ; 1     ; Signed Integer                             ;
+----------------+-------+--------------------------------------------+
Note: In order to hide this table in the UI and the text report file, please set the "Show Parameter Settings in Synthesis Report" option in "Analysis and Synthesis Settings -> More Settings" to "Off".


+------------------------------------------------------------------+
; Parameter Settings for User Entity Instance: incremento:inst_inc ;
+----------------+-------+-----------------------------------------+
; Parameter Name ; Value ; Type                                    ;
+----------------+-------+-----------------------------------------+
; nbits          ; 4     ; Signed Integer                          ;
+----------------+-------+-----------------------------------------+
Note: In order to hide this table in the UI and the text report file, please set the "Show Parameter Settings in Synthesis Report" option in "Analysis and Synthesis Settings -> More Settings" to "Off".


+------------------------------------------------------------------+
; Parameter Settings for User Entity Instance: decremento:inst_dec ;
+----------------+-------+-----------------------------------------+
; Parameter Name ; Value ; Type                                    ;
+----------------+-------+-----------------------------------------+
; nbits          ; 4     ; Signed Integer                          ;
+----------------+-------+-----------------------------------------+
Note: In order to hide this table in the UI and the text report file, please set the "Show Parameter Settings in Synthesis Report" option in "Analysis and Synthesis Settings -> More Settings" to "Off".


+-------------------------------------------------------------------+
; Parameter Settings for User Entity Instance: display:inst_display ;
+----------------+-------+------------------------------------------+
; Parameter Name ; Value ; Type                                     ;
+----------------+-------+------------------------------------------+
; nbits          ; 4     ; Signed Integer                           ;
+----------------+-------+------------------------------------------+
Note: In order to hide this table in the UI and the text report file, please set the "Show Parameter Settings in Synthesis Report" option in "Analysis and Synthesis Settings -> More Settings" to "Off".


+-------------------------------+
; Elapsed Time Per Partition    ;
+----------------+--------------+
; Partition Name ; Elapsed Time ;
+----------------+--------------+
; Top            ; 00:00:00     ;
+----------------+--------------+


+-------------------------------+
; Analysis & Synthesis Messages ;
+-------------------------------+
Info: *******************************************************************
Info: Running Quartus II 64-Bit Analysis & Synthesis
    Info: Version 13.0.1 Build 232 06/12/2013 Service Pack 1 SJ Web Edition
    Info: Processing started: Thu Oct 05 14:18:36 2023
Info: Command: quartus_map --read_settings_files=on --write_settings_files=off alu -c alu
Warning (20028): Parallel compilation is not licensed and has been disabled
Info (12021): Found 2 design units, including 1 entities, in source file alu.vhd
    Info (12022): Found design unit 1: alu-rtl
    Info (12023): Found entity 1: alu
Info (12021): Found 2 design units, including 1 entities, in source file soma.vhd
    Info (12022): Found design unit 1: soma-comportamento
    Info (12023): Found entity 1: soma
Info (12021): Found 2 design units, including 1 entities, in source file subtracao.vhd
    Info (12022): Found design unit 1: subtracao-comportamento
    Info (12023): Found entity 1: subtracao
Info (12021): Found 2 design units, including 1 entities, in source file and_gate.vhd
    Info (12022): Found design unit 1: and_gate-comportamento
    Info (12023): Found entity 1: and_gate
Info (12021): Found 2 design units, including 1 entities, in source file or_gate.vhd
    Info (12022): Found design unit 1: or_gate-comportamento
    Info (12023): Found entity 1: or_gate
Info (12021): Found 2 design units, including 1 entities, in source file not_gate.vhd
    Info (12022): Found design unit 1: not_gate-comportamento
    Info (12023): Found entity 1: not_gate
Info (12021): Found 2 design units, including 1 entities, in source file shift_esquerda.vhd
    Info (12022): Found design unit 1: shift_esquerda-comportamento
    Info (12023): Found entity 1: shift_esquerda
Info (12021): Found 2 design units, including 1 entities, in source file shift_direita.vhd
    Info (12022): Found design unit 1: shift_direita-comportamento
    Info (12023): Found entity 1: shift_direita
Warning (12090): Entity "mux" obtained from "mux.vhd" instead of from Quartus II megafunction library
Info (12021): Found 2 design units, including 1 entities, in source file mux.vhd
    Info (12022): Found design unit 1: mux-Behavioral
    Info (12023): Found entity 1: mux
Info (12021): Found 2 design units, including 1 entities, in source file incremento.vhd
    Info (12022): Found design unit 1: incremento-comportamento
    Info (12023): Found entity 1: incremento
Info (12021): Found 2 design units, including 1 entities, in source file decremento.vhd
    Info (12022): Found design unit 1: decremento-comportamento
    Info (12023): Found entity 1: decremento
Info (12021): Found 2 design units, including 1 entities, in source file display.vhd
    Info (12022): Found design unit 1: display-comportamento
    Info (12023): Found entity 1: display
Info (12127): Elaborating entity "alu" for the top level hierarchy
Info (12128): Elaborating entity "soma" for hierarchy "soma:inst_soma"
Info (12128): Elaborating entity "subtracao" for hierarchy "subtracao:inst_sub"
Info (12128): Elaborating entity "and_gate" for hierarchy "and_gate:inst_and"
Info (12128): Elaborating entity "or_gate" for hierarchy "or_gate:inst_or"
Info (12128): Elaborating entity "not_gate" for hierarchy "not_gate:inst_not"
Info (12128): Elaborating entity "shift_esquerda" for hierarchy "shift_esquerda:inst_esq"
Info (12128): Elaborating entity "shift_direita" for hierarchy "shift_direita:inst_dir"
Info (12128): Elaborating entity "incremento" for hierarchy "incremento:inst_inc"
Info (12128): Elaborating entity "decremento" for hierarchy "decremento:inst_dec"
Info (12128): Elaborating entity "mux" for hierarchy "mux:inst_mux"
Info (12128): Elaborating entity "display" for hierarchy "display:inst_display"
Info (16010): Generating hard_block partition "hard_block:auto_generated_inst"
    Info (16011): Adding 0 node(s), including 0 DDIO, 0 PLL, 0 transceiver and 0 LCELL
Info (21057): Implemented 65 device resources after synthesis - the final resource count might be different
    Info (21058): Implemented 12 input pins
    Info (21059): Implemented 7 output pins
    Info (21061): Implemented 46 logic cells
Info: Quartus II 64-Bit Analysis & Synthesis was successful. 0 errors, 2 warnings
    Info: Peak virtual memory: 4639 megabytes
    Info: Processing ended: Thu Oct 05 14:18:37 2023
    Info: Elapsed time: 00:00:01
    Info: Total CPU time (on all processors): 00:00:00


